
mom1.elf:     file format elf32-littlearm


Disassembly of section .text:

20000000 <start>:
start:	LDR	R0,=0x55555555
20000000:	4805      	ldr	r0, [pc, #20]	; (20000018 <main+0x8>)
	LDR	R1,=0x40020C00	@ konfig port D
20000002:	4906      	ldr	r1, [pc, #24]	; (2000001c <main+0xc>)
	STR	R0,[R1]
20000004:	6008      	str	r0, [r1, #0]

	LDR	R1,=0x40020c14	@ utport GPIO D
20000006:	4906      	ldr	r1, [pc, #24]	; (20000020 <main+0x10>)
	LDR	R2,=0x40021010	@ inport GPIO E
20000008:	4a06      	ldr	r2, [pc, #24]	; (20000024 <main+0x14>)
	B	main
2000000a:	e001      	b.n	20000010 <main>

2000000c <blink>:

blink:	LDR R4,[PC,#0]
2000000c:	4c00      	ldr	r4, [pc, #0]	; (20000010 <main>)
	STR R4,[R1]
2000000e:	600c      	str	r4, [r1, #0]

20000010 <main>:
	
main:	LDR	R0,[R2]
20000010:	6810      	ldr	r0, [r2, #0]
	STR	R0,[R1]
20000012:	6008      	str	r0, [r1, #0]
	B	blink
20000014:	e7fa      	b.n	2000000c <blink>
	B	main
20000016:	e7fb      	b.n	20000010 <main>
20000018:	55555555 	.word	0x55555555
2000001c:	40020c00 	.word	0x40020c00
20000020:	40020c14 	.word	0x40020c14
20000024:	40021010 	.word	0x40021010