
mom3.elf:     file format elf32-littlearm


Disassembly of section .text:

20000000 <i-0x10>:
	LDR	R1,=s
20000000:	4905      	ldr	r1, [pc, #20]	; (20000018 <c+0x2>)
	LDR	R2,=c
20000002:	4a06      	ldr	r2, [pc, #24]	; (2000001c <c+0x6>)
	LDRH	R0,[R1]
20000004:	8808      	ldrh	r0, [r1, #0]
	STRB	R0,[R2]
20000006:	7010      	strb	r0, [r2, #0]

	LDR	R2,=i
20000008:	4a05      	ldr	r2, [pc, #20]	; (20000020 <c+0xa>)
	LDR	R0,[R2]
2000000a:	6810      	ldr	r0, [r2, #0]
	STRH	R0,[R1]
2000000c:	8008      	strh	r0, [r1, #0]
2000000e:	46c0      	nop			; (mov r8, r8)

20000010 <i>:
20000010:	0003e000 	.word	0x0003e000

20000014 <s>:
20000014:	03e0      	.short	0x03e0

20000016 <c>:
20000016:	0000      	.short	0x0000
20000018:	20000014 	.word	0x20000014
2000001c:	20000016 	.word	0x20000016
20000020:	20000010 	.word	0x20000010